============================= test session starts ==============================
collecting ... collected 50 items

pytest_spmatrix_priv.py::test_spmatrix_01_spmatrix_is FAILED             [  2%]
pytest_spmatrix_priv.py::test_spmatrix_02_spmatrix_is PASSED             [  4%]
pytest_spmatrix_priv.py::test_spmatrix_03_spmatrix_is PASSED             [  6%]
pytest_spmatrix_priv.py::test_spmatrix_04_spmatrix_is PASSED             [  8%]
pytest_spmatrix_priv.py::test_spmatrix_05_spmatrix_is PASSED             [ 10%]
pytest_spmatrix_priv.py::test_spmatrix_06_spmatrix_is PASSED             [ 12%]
pytest_spmatrix_priv.py::test_spmatrix_07_spmatrix_is PASSED             [ 14%]
pytest_spmatrix_priv.py::test_spmatrix_08_spmatrix_is PASSED             [ 16%]
pytest_spmatrix_priv.py::test_spmatrix_09_spmatrix_is PASSED             [ 18%]
pytest_spmatrix_priv.py::test_spmatrix_09a_spmatrix_is PASSED            [ 20%]
pytest_spmatrix_priv.py::test_spmatrix_10_spmatrix_is PASSED             [ 22%]
pytest_spmatrix_priv.py::test_spmatrix_10a_spmatrix_is PASSED            [ 24%]
pytest_spmatrix_priv.py::test_spmatrix_12_spmatrix_is PASSED             [ 26%]
pytest_spmatrix_priv.py::test_spmatrix_12a_spmatrix_is PASSED            [ 28%]
pytest_spmatrix_priv.py::test_spmatrix_13_spmatrix_is PASSED             [ 30%]
pytest_spmatrix_priv.py::test_spmatrix_13a_spmatrix_is PASSED            [ 32%]
pytest_spmatrix_priv.py::test_spmatrix_14_spmatrix_is PASSED             [ 34%]
pytest_spmatrix_priv.py::test_spmatrix_14a_spmatrix_is PASSED            [ 36%]
pytest_spmatrix_priv.py::test_spmatrix_15_spmatrix_create FAILED         [ 38%]
pytest_spmatrix_priv.py::test_spmatrix_16_spmatrix_create FAILED         [ 40%]
pytest_spmatrix_priv.py::test_spmatrix_17_spmatrix_create FAILED         [ 42%]
pytest_spmatrix_priv.py::test_spmatrix_18_spmatrix_create FAILED         [ 44%]
pytest_spmatrix_priv.py::test_spmatrix_19_spmatrix_zero_get PASSED       [ 46%]
pytest_spmatrix_priv.py::test_spmatrix_20_spmatrix_value_set PASSED      [ 48%]
pytest_spmatrix_priv.py::test_spmatrix_21_spmatrix_value_set PASSED      [ 50%]
pytest_spmatrix_priv.py::test_spmatrix_22_spmatrix_value_set PASSED      [ 52%]
pytest_spmatrix_priv.py::test_spmatrix_23_spmatrix_value_set PASSED      [ 54%]
pytest_spmatrix_priv.py::test_spmatrix_24_spmatrix_value_get PASSED      [ 56%]
pytest_spmatrix_priv.py::test_spmatrix_25_spmatrix_value_get PASSED      [ 58%]
pytest_spmatrix_priv.py::test_spmatrix_26_spmatrix_dim PASSED            [ 60%]
pytest_spmatrix_priv.py::test_spmatrix_27_spmatrix_dim FAILED            [ 62%]
pytest_spmatrix_priv.py::test_spmatrix_28_spmatrix_dim PASSED            [ 64%]
pytest_spmatrix_priv.py::test_spmatrix_29_spmatrix_copy FAILED           [ 66%]
pytest_spmatrix_priv.py::test_spmatrix_30_spmatrix_copy PASSED           [ 68%]
pytest_spmatrix_priv.py::test_spmatrix_31_spmatrix_sparsity FAILED       [ 70%]
pytest_spmatrix_priv.py::test_spmatrix_32_spmatrix_sparsity FAILED       [ 72%]
pytest_spmatrix_priv.py::test_spmatrix_33_spmatrix_sparsity PASSED       [ 74%]
pytest_spmatrix_priv.py::test_spmatrix_34_spmatrix_dim FAILED            [ 76%]
pytest_spmatrix_priv.py::test_spmatrix_35_spmatrix_sparsity FAILED       [ 78%]
pytest_spmatrix_priv.py::test_spmatrix_36_spmatrix_zero_set FAILED       [ 80%]
pytest_spmatrix_priv.py::test_spmatrix_37_spmatrix_str FAILED            [ 82%]
pytest_spmatrix_priv.py::test_spmatrix_38_spmatrix_str FAILED            [ 84%]
pytest_spmatrix_priv.py::test_spmatrix_39_spmatrix_str FAILED            [ 86%]
pytest_spmatrix_priv.py::test_spmatrix_40_spmatrix_str PASSED            [ 88%]
pytest_spmatrix_priv.py::test_spmatrix_41_spmatrix_row FAILED            [ 90%]
pytest_spmatrix_priv.py::test_spmatrix_42_spmatrix_col FAILED            [ 92%]
pytest_spmatrix_priv.py::test_spmatrix_43_spmatrix_diagonal FAILED       [ 94%]
pytest_spmatrix_priv.py::test_spmatrix_44_spmatrix_diagonal FAILED       [ 96%]
pytest_spmatrix_priv.py::test_spmatrix_45_spmatrix_diagonal PASSED       [ 98%]
pytest_spmatrix_priv.py::test_spmatrix_46_spmatrix_sparsity FAILED       [100%]

=================================== FAILURES ===================================
/home/dtsd/DTSD/dIoTsparceMatrix_53145/spmatrix.py:16: IndexError: tuple index out of range
/home/dtsd/DTSD/pytest_spmatrix_priv.py:87: AssertionError: assert 'position_cre...lid arguments' == 'spmatrix_cre...lid arguments'
/home/dtsd/DTSD/pytest_spmatrix_priv.py:94: AssertionError: assert 'position_cre...lid arguments' == 'spmatrix_cre...lid arguments'
/home/dtsd/DTSD/pytest_spmatrix_priv.py:101: AssertionError: assert 'position_cre...lid arguments' == 'spmatrix_cre...lid arguments'
/home/dtsd/DTSD/pytest_spmatrix_priv.py:108: AssertionError: assert 'position_cre...lid arguments' == 'spmatrix_cre...lid arguments'
/home/dtsd/DTSD/pytest_spmatrix_priv.py:166: assert ((1, 1, 2, 0,...0000000, ...)) == ()
/home/dtsd/DTSD/dIoTsparceMatrix_53145/spmatrix.py:16: IndexError: tuple index out of range
/home/dtsd/DTSD/dIoTsparceMatrix_53145/spmatrix.py:87: ZeroDivisionError: division by zero
/home/dtsd/DTSD/dIoTsparceMatrix_53145/spmatrix.py:87: ZeroDivisionError: division by zero
/home/dtsd/DTSD/pytest_spmatrix_priv.py:217: assert 1 == 10000000
/home/dtsd/DTSD/dIoTsparceMatrix_53145/spmatrix.py:87: ZeroDivisionError: division by zero
/home/dtsd/DTSD/dIoTsparceMatrix_53145/spmatrix.py:33: TypeError: 'tuple' object does not support item assignment
/home/dtsd/DTSD/pytest_spmatrix_priv.py:247: AssertionError: assert '%.2f%.2f' == '2.50 0.00 0.....00 0.00 5.20'
/home/dtsd/DTSD/pytest_spmatrix_priv.py:254: AssertionError: assert '%.2f%.2f' == '2.50 0.00 0.....00 0.00 5.20'
/home/dtsd/DTSD/pytest_spmatrix_priv.py:261: AssertionError: assert '%.3f%.3f' == '2.500 0.000 ...0 0.000 5.200'
/home/dtsd/DTSD/dIoTsparceMatrix_53145/spmatrix.py:54: ValueError: spmatrix_value_set: invalid arguments
/home/dtsd/DTSD/dIoTsparceMatrix_53145/spmatrix.py:46: ValueError: spmatrix_value_get: invalid arguments
/home/dtsd/DTSD/dIoTsparceMatrix_53145/spmatrix.py:10: ValueError: position_create: invalid arguments
/home/dtsd/DTSD/pytest_spmatrix_priv.py:312: assert None
/home/dtsd/DTSD/dIoTsparceMatrix_53145/spmatrix.py:54: ValueError: spmatrix_value_set: invalid arguments
============================== slowest durations ===============================

(150 durations < 1s hidden.  Use -vv to show these durations.)
======================== 20 failed, 30 passed in 0.03s =========================
